<?xml version="1.0" encoding="UTF-8"?>
<!-- Generated by org.testng.reporters.JUnitReportReporter -->
<testsuite name="com.crm.qa.testcases.LoginPageTest" tests="3" time="73.767" ignored="0" failures="0" timestamp="08 Feb 2023 06:16:43 GMT" skipped="0" hostname="PAKU-BLR-01" errors="0">
  <testcase name="loginPageTitleValidation" time="16.891" classname="com.crm.qa.testcases.LoginPageTest"/>
  <testcase name="CRMLogoValidation" time="24.933" classname="com.crm.qa.testcases.LoginPageTest"/>
  <testcase name="loginTestValidation" time="31.943" classname="com.crm.qa.testcases.LoginPageTest"/>
</testsuite> <!-- com.crm.qa.testcases.LoginPageTest -->
