<?xml version="1.0" encoding="UTF-8"?>
<!-- Generated by org.testng.reporters.JUnitReportReporter -->
<testsuite name="com.crm.qa.testcases.ContactsPageTest" tests="4" time="299.447" ignored="0" failures="0" timestamp="08 Feb 2023 06:16:43 GMT" skipped="0" hostname="PAKU-BLR-01" errors="0">
  <testcase name="validateCreateNewConatct" time="72.830" classname="com.crm.qa.testcases.ContactsPageTest"/>
  <testcase name="validateCreateNewConatct" time="80.850" classname="com.crm.qa.testcases.ContactsPageTest"/>
  <testcase name="validateCreateNewConatct" time="73.306" classname="com.crm.qa.testcases.ContactsPageTest"/>
  <testcase name="validateCreateNewConatct" time="72.461" classname="com.crm.qa.testcases.ContactsPageTest"/>
</testsuite> <!-- com.crm.qa.testcases.ContactsPageTest -->
